1537242483172	geckodriver	INFO	geckodriver 0.21.0
1537242483191	geckodriver	INFO	Listening on 127.0.0.1:4808
1537242486209	mozrunner::runner	INFO	Running command: "C:\\Program Files\\Mozilla Firefox\\firefox.exe" "-marionette" "-foreground" "-no-remote" "-profile" "C:\\Users\\THINK\\AppData\\Local\\Temp\\rust_mozprofile.fGVln22BF2Mf"
JavaScript error: m3qwppb3ukd.cfg, line 2: ReferenceError: Components is not defined
1537242489022	Marionette	INFO	Listening on port 4817
1537242489054	Marionette	WARN	TLS certificate errors will be ignored for this session
1537242489097	Marionette	DEBUG	[6442450945] Frame script loaded
1537242489111	Marionette	DEBUG	[6442450945] Frame script registered
1537242489176	Marionette	DEBUG	[6442450945] Received DOM event beforeunload for about:blank
1537242489457	Marionette	DEBUG	[6442450945] Received DOM event pagehide for about:blank
JavaScript error: https://ss1.bdstatic.com/5eN1bjq8AAUYm2zgoY3K/r/www/cache/static/protocol/https/plugins/every_cookie_4644b13.js, line 4: ReferenceError: c is not defined
1537242489870	Marionette	DEBUG	[6442450945] Received DOM event DOMContentLoaded for https://www.baidu.com/
1537242489941	Marionette	DEBUG	[6442450945] Received DOM event pageshow for https://www.baidu.com/
1537242490423	Marionette	DEBUG	[6442450945] Canceled page load listener because no navigation has been detected
1537242490427	Marionette	INFO	Stopped listening on port 4817
[Child 11144, Chrome_ChildThread] WARNING: pipe error: 109: file z:/build/build/src/ipc/chromium/src/chrome/common/ipc_channel_win.cc, line 346
[Child 11144, Chrome_ChildThread] WARNING: pipe error: 109: file z:/build/build/src/ipc/chromium/src/chrome/common/ipc_channel_win.cc, line 346
[Parent 6044, Gecko_IOThread] WARNING: pipe error: 109: file z:/build/build/src/ipc/chromium/src/chrome/common/ipc_channel_win.cc, line 346
[Child 10764, Chrome_ChildThread] WARNING: pipe error: 109: file z:/build/build/src/ipc/chromium/src/chrome/common/ipc_channel_win.cc, line 346
[Parent 6044, Gecko_IOThread] WARNING: pipe error: 109: file z:/build/build/src/ipc/chromium/src/chrome/common/ipc_channel_win.cc, line 346
[GPU 10944, Chrome_ChildThread] WARNING: pipe error: 109: file z:/build/build/src/ipc/chromium/src/chrome/common/ipc_channel_win.cc, line 346

###!!! [Child][MessageChannel::SendAndWait] Error: Channel error: cannot send/recv

