1536127004616	geckodriver	INFO	geckodriver 0.21.0
1536127004639	geckodriver	INFO	Listening on 127.0.0.1:29065
1536127007655	mozrunner::runner	INFO	Running command: "C:\\Program Files\\Mozilla Firefox\\firefox.exe" "-marionette" "-foreground" "-no-remote" "-profile" "C:\\Users\\THINK\\AppData\\Local\\Temp\\rust_mozprofile.9YP7KqBkVV6P"
1536127010628	Marionette	INFO	Listening on port 29077
1536127011073	Marionette	WARN	TLS certificate errors will be ignored for this session
Unable to read VR Path Registry from C:\Users\THINK\AppData\Local\openvr\openvrpaths.vrpath
JavaScript warning: https://cdn.zhsmjxc.com/CDN/UCenter-webapp/js/common/wbill_common.js?version=5.6.0.201809040351, line 2793: unreachable code after return statement
JavaScript warning: https://cdn.zhsmjxc.com/CDN/UCenter-webapp/js/common/wbill_common.js?version=5.6.0.201809040351, line 7694: unreachable code after return statement
JavaScript warning: https://cdn.zhsmjxc.com/CDN/UCenter-webapp/js/common/wbill_common.js?version=5.6.0.201809040351, line 7749: unreachable code after return statement
JavaScript warning: https://cdn.zhsmjxc.com/CDN/UCenter-webapp/js/common/wbill_common.js?version=5.6.0.201809040351, line 7796: unreachable code after return statement
JavaScript warning: https://cdn.zhsmjxc.com/CDN/UCenter-webapp/js/common/wbill_common.js?version=5.6.0.201809040351, line 7846: unreachable code after return statement
JavaScript warning: https://cdn.zhsmjxc.com/CDN/UCenter-webapp/js/filter/filter.js, line 11: unreachable code after return statement
JavaScript warning: https://cdn.zhsmjxc.com/CDN/UCenter-webapp/js/common/wbill_common.js?version=5.6.0.201809040351, line 2793: unreachable code after return statement
JavaScript warning: https://cdn.zhsmjxc.com/CDN/UCenter-webapp/js/common/wbill_common.js?version=5.6.0.201809040351, line 7694: unreachable code after return statement
JavaScript warning: https://cdn.zhsmjxc.com/CDN/UCenter-webapp/js/common/wbill_common.js?version=5.6.0.201809040351, line 7749: unreachable code after return statement
JavaScript warning: https://cdn.zhsmjxc.com/CDN/UCenter-webapp/js/common/wbill_common.js?version=5.6.0.201809040351, line 7796: unreachable code after return statement
JavaScript warning: https://cdn.zhsmjxc.com/CDN/UCenter-webapp/js/common/wbill_common.js?version=5.6.0.201809040351, line 7846: unreachable code after return statement
JavaScript warning: https://cdn.zhsmjxc.com/CDN/UCenter-webapp/js/filter/filter.js, line 11: unreachable code after return statement
JavaScript error: http://web.zhsmjxc.com/UCenter-webapp/index/init.htm?loginType=demo, line 1503: TypeError: Report.Register is not a function
JavaScript warning: https://cdn.zhsmjxc.com/CDN/UCenter-webapp/js/common/wbill_common.js?version=5.6.0.201809040351, line 2793: unreachable code after return statement
JavaScript warning: https://cdn.zhsmjxc.com/CDN/UCenter-webapp/js/common/wbill_common.js?version=5.6.0.201809040351, line 7694: unreachable code after return statement
JavaScript warning: https://cdn.zhsmjxc.com/CDN/UCenter-webapp/js/common/wbill_common.js?version=5.6.0.201809040351, line 7749: unreachable code after return statement
JavaScript warning: https://cdn.zhsmjxc.com/CDN/UCenter-webapp/js/common/wbill_common.js?version=5.6.0.201809040351, line 7796: unreachable code after return statement
JavaScript warning: https://cdn.zhsmjxc.com/CDN/UCenter-webapp/js/common/wbill_common.js?version=5.6.0.201809040351, line 7846: unreachable code after return statement
JavaScript warning: https://cdn.zhsmjxc.com/CDN/UCenter-webapp/js/filter/filter.js, line 11: unreachable code after return statement
1536127024681	geckodriver	INFO	geckodriver 0.21.0
1536127024699	geckodriver	INFO	Listening on 127.0.0.1:29174
1536127027720	mozrunner::runner	INFO	Running command: "C:\\Program Files\\Mozilla Firefox\\firefox.exe" "-marionette" "-foreground" "-no-remote" "-profile" "C:\\Users\\THINK\\AppData\\Local\\Temp\\rust_mozprofile.24BNRkw78dsI"
1536127030257	Marionette	INFO	Listening on port 29186
1536127030527	Marionette	WARN	TLS certificate errors will be ignored for this session
Unable to read VR Path Registry from C:\Users\THINK\AppData\Local\openvr\openvrpaths.vrpath
JavaScript warning: https://cdn.zhsmjxc.com/CDN/UCenter-webapp/js/common/wbill_common.js?version=5.6.0.201809040351, line 2793: unreachable code after return statement
JavaScript warning: https://cdn.zhsmjxc.com/CDN/UCenter-webapp/js/common/wbill_common.js?version=5.6.0.201809040351, line 7694: unreachable code after return statement
JavaScript warning: https://cdn.zhsmjxc.com/CDN/UCenter-webapp/js/common/wbill_common.js?version=5.6.0.201809040351, line 7749: unreachable code after return statement
JavaScript warning: https://cdn.zhsmjxc.com/CDN/UCenter-webapp/js/common/wbill_common.js?version=5.6.0.201809040351, line 7796: unreachable code after return statement
JavaScript warning: https://cdn.zhsmjxc.com/CDN/UCenter-webapp/js/common/wbill_common.js?version=5.6.0.201809040351, line 7846: unreachable code after return statement
JavaScript warning: https://cdn.zhsmjxc.com/CDN/UCenter-webapp/js/filter/filter.js, line 11: unreachable code after return statement
JavaScript warning: https://cdn.zhsmjxc.com/CDN/UCenter-webapp/js/common/wbill_common.js?version=5.6.0.201809040351, line 2793: unreachable code after return statement
JavaScript warning: https://cdn.zhsmjxc.com/CDN/UCenter-webapp/js/common/wbill_common.js?version=5.6.0.201809040351, line 7694: unreachable code after return statement
JavaScript warning: https://cdn.zhsmjxc.com/CDN/UCenter-webapp/js/common/wbill_common.js?version=5.6.0.201809040351, line 7749: unreachable code after return statement
JavaScript warning: https://cdn.zhsmjxc.com/CDN/UCenter-webapp/js/common/wbill_common.js?version=5.6.0.201809040351, line 7796: unreachable code after return statement
JavaScript warning: https://cdn.zhsmjxc.com/CDN/UCenter-webapp/js/common/wbill_common.js?version=5.6.0.201809040351, line 7846: unreachable code after return statement
JavaScript warning: https://cdn.zhsmjxc.com/CDN/UCenter-webapp/js/filter/filter.js, line 11: unreachable code after return statement
JavaScript error: http://web.zhsmjxc.com/UCenter-webapp/index/init.htm?loginType=demo, line 1503: TypeError: Report.Register is not a function
JavaScript warning: https://cdn.zhsmjxc.com/CDN/UCenter-webapp/js/common/wbill_common.js?version=5.6.0.201809040351, line 2793: unreachable code after return statement
JavaScript warning: https://cdn.zhsmjxc.com/CDN/UCenter-webapp/js/common/wbill_common.js?version=5.6.0.201809040351, line 7694: unreachable code after return statement
JavaScript warning: https://cdn.zhsmjxc.com/CDN/UCenter-webapp/js/common/wbill_common.js?version=5.6.0.201809040351, line 7749: unreachable code after return statement
JavaScript warning: https://cdn.zhsmjxc.com/CDN/UCenter-webapp/js/common/wbill_common.js?version=5.6.0.201809040351, line 7796: unreachable code after return statement
JavaScript warning: https://cdn.zhsmjxc.com/CDN/UCenter-webapp/js/common/wbill_common.js?version=5.6.0.201809040351, line 7846: unreachable code after return statement
JavaScript warning: https://cdn.zhsmjxc.com/CDN/UCenter-webapp/js/filter/filter.js, line 11: unreachable code after return statement
JavaScript warning: https://cdn.zhsmjxc.com/CDN/UCenter-webapp/js/common/wbill_common.js?version=5.6.0.201809040351, line 2793: unreachable code after return statement
JavaScript warning: https://cdn.zhsmjxc.com/CDN/UCenter-webapp/js/common/wbill_common.js?version=5.6.0.201809040351, line 7694: unreachable code after return statement
JavaScript warning: https://cdn.zhsmjxc.com/CDN/UCenter-webapp/js/common/wbill_common.js?version=5.6.0.201809040351, line 7749: unreachable code after return statement
JavaScript warning: https://cdn.zhsmjxc.com/CDN/UCenter-webapp/js/common/wbill_common.js?version=5.6.0.201809040351, line 7796: unreachable code after return statement
JavaScript warning: https://cdn.zhsmjxc.com/CDN/UCenter-webapp/js/common/wbill_common.js?version=5.6.0.201809040351, line 7846: unreachable code after return statement
JavaScript warning: https://cdn.zhsmjxc.com/CDN/UCenter-webapp/js/filter/filter.js, line 11: unreachable code after return statement
JavaScript warning: https://cdn.zhsmjxc.com/CDN/UCenter-webapp/js/common/wbill_common.js?version=5.6.0.201809040351, line 2793: unreachable code after return statement
JavaScript warning: https://cdn.zhsmjxc.com/CDN/UCenter-webapp/js/common/wbill_common.js?version=5.6.0.201809040351, line 7694: unreachable code after return statement
JavaScript warning: https://cdn.zhsmjxc.com/CDN/UCenter-webapp/js/common/wbill_common.js?version=5.6.0.201809040351, line 7749: unreachable code after return statement
JavaScript warning: https://cdn.zhsmjxc.com/CDN/UCenter-webapp/js/common/wbill_common.js?version=5.6.0.201809040351, line 7796: unreachable code after return statement
JavaScript warning: https://cdn.zhsmjxc.com/CDN/UCenter-webapp/js/common/wbill_common.js?version=5.6.0.201809040351, line 7846: unreachable code after return statement
JavaScript warning: https://cdn.zhsmjxc.com/CDN/UCenter-webapp/js/filter/filter.js, line 11: unreachable code after return statement
JavaScript error: http://dn-growing.qbox.me/vds.js, line 5: TypeError: window.getComputedStyle(...) is null
JavaScript warning: https://cdn.zhsmjxc.com/CDN/UCenter-webapp/js/common/wbill_common.js?version=5.6.0.201809040351, line 2793: unreachable code after return statement
JavaScript warning: https://cdn.zhsmjxc.com/CDN/UCenter-webapp/js/common/wbill_common.js?version=5.6.0.201809040351, line 7694: unreachable code after return statement
JavaScript warning: https://cdn.zhsmjxc.com/CDN/UCenter-webapp/js/common/wbill_common.js?version=5.6.0.201809040351, line 7749: unreachable code after return statement
JavaScript warning: https://cdn.zhsmjxc.com/CDN/UCenter-webapp/js/common/wbill_common.js?version=5.6.0.201809040351, line 7796: unreachable code after return statement
JavaScript warning: https://cdn.zhsmjxc.com/CDN/UCenter-webapp/js/common/wbill_common.js?version=5.6.0.201809040351, line 7846: unreachable code after return statement
JavaScript warning: https://cdn.zhsmjxc.com/CDN/UCenter-webapp/js/filter/filter.js, line 11: unreachable code after return statement
JavaScript warning: https://cdn.zhsmjxc.com/CDN/UCenter-webapp/js/common/wbill_common.js?version=5.6.0.201809040351, line 2793: unreachable code after return statement
JavaScript warning: https://cdn.zhsmjxc.com/CDN/UCenter-webapp/js/common/wbill_common.js?version=5.6.0.201809040351, line 7694: unreachable code after return statement
JavaScript warning: https://cdn.zhsmjxc.com/CDN/UCenter-webapp/js/common/wbill_common.js?version=5.6.0.201809040351, line 7749: unreachable code after return statement
JavaScript warning: https://cdn.zhsmjxc.com/CDN/UCenter-webapp/js/common/wbill_common.js?version=5.6.0.201809040351, line 7796: unreachable code after return statement
JavaScript warning: https://cdn.zhsmjxc.com/CDN/UCenter-webapp/js/common/wbill_common.js?version=5.6.0.201809040351, line 7846: unreachable code after return statement
JavaScript warning: https://cdn.zhsmjxc.com/CDN/UCenter-webapp/js/filter/filter.js, line 11: unreachable code after return statement
JavaScript warning: https://cdn.zhsmjxc.com/CDN/UCenter-webapp/js/common/wbill_common.js?version=5.6.0.201809040351, line 7694: unreachable code after return statement
JavaScript warning: https://cdn.zhsmjxc.com/CDN/UCenter-webapp/js/common/wbill_common.js?version=5.6.0.201809040351, line 7749: unreachable code after return statement
JavaScript warning: https://cdn.zhsmjxc.com/CDN/UCenter-webapp/js/common/wbill_common.js?version=5.6.0.201809040351, line 7796: unreachable code after return statement
JavaScript warning: https://cdn.zhsmjxc.com/CDN/UCenter-webapp/js/common/wbill_common.js?version=5.6.0.201809040351, line 7846: unreachable code after return statement
JavaScript warning: https://cdn.zhsmjxc.com/CDN/UCenter-webapp/js/filter/filter.js, line 11: unreachable code after return statement
JavaScript warning: https://cdn.zhsmjxc.com/CDN/UCenter-webapp/js/common/wbill_common.js?version=5.6.0.201809040351, line 2793: unreachable code after return statement
Unable to read VR Path Registry from C:\Users\THINK\AppData\Local\openvr\openvrpaths.vrpath
JavaScript error: resource://devtools/shared/base-loader.js -> resource://devtools/client/framework/toolbox.js, line 1267: TypeError: currentPanel is undefined
[Parent 12064, Gecko_IOThread] WARNING: pipe error: 109: file z:/build/build/src/ipc/chromium/src/chrome/common/ipc_channel_win.cc, line 346
Unable to read VR Path Registry from C:\Users\THINK\AppData\Local\openvr\openvrpaths.vrpath
[Child 13308, Chrome_ChildThread] WARNING: pipe error: 109: file z:/build/build/src/ipc/chromium/src/chrome/common/ipc_channel_win.cc, line 346
[Child 13308, Chrome_ChildThread] WARNING: pipe error: 109: file z:/build/build/src/ipc/chromium/src/chrome/common/ipc_channel_win.cc, line 346
[Child 13904, Chrome_ChildThread] WARNING: pipe error: 109: file z:/build/build/src/ipc/chromium/src/chrome/common/ipc_channel_win.cc, line 346
[Child 13904, Chrome_ChildThread] WARNING: pipe error: 109: file z:/build/build/src/ipc/chromium/src/chrome/common/ipc_channel_win.cc, line 346
[Parent 12064, Gecko_IOThread] WARNING: pipe error: 109: file z:/build/build/src/ipc/chromium/src/chrome/common/ipc_channel_win.cc, line 346
Unable to read VR Path Registry from C:\Users\THINK\AppData\Local\openvr\openvrpaths.vrpath
[Child 12820, Chrome_ChildThread] WARNING: pipe error: 109: file z:/build/build/src/ipc/chromium/src/chrome/common/ipc_channel_win.cc, line 346
[Child 12820, Chrome_ChildThread] WARNING: pipe error: 109: file z:/build/build/src/ipc/chromium/src/chrome/common/ipc_channel_win.cc, line 346
Unable to read VR Path Registry from C:\Users\THINK\AppData\Local\openvr\openvrpaths.vrpath
[GPU 2952, Chrome_ChildThread] WARNING: pipe error: 109: file z:/build/build/src/ipc/chromium/src/chrome/common/ipc_channel_win.cc, line 346

###!!! [Child][MessageChannel::SendAndWait] Error: Channel error: cannot send/recv

351, line 2793: unreachable code after return statement
JavaScript warning: https://cdn.zhsmjxc.com/CDN/UCenter-webapp/js/common/wbill_common.js?version=5.6.0.201809040351, line 7694: unreachable code after return statement
JavaScript warning: https://cdn.zhsmjxc.com/CDN/UCenter-webapp/js/common/wbill_common.js?version=5.6.0.201809040351, line 7749: unreachable code after return statement
JavaScript warning: https://cdn.zhsmjxc.com/CDN/UCenter-webapp/js/common/wbill_common.js?version=5.6.0.201809040351, line 7796: unreachable code after return statement
JavaScript warning: https://cdn.zhsmjxc.com/CDN/UCenter-webapp/js/common/wbill_common.js?version=5.6.0.201809040351, line 7846: unreachable code after return statement
JavaScript warning: https://cdn.zhsmjxc.com/CDN/UCenter-webapp/js/filter/filter.js, line 11: unreachable code after return statement
JavaScript error: http://web.zhsmjxc.com/UCenter-webapp/index/init.htm?loginType=demo, line 1: ReferenceError: firstLoadLockWarehouse is not defined
JavaScript error: http://web.zhsmjxc.com/UCenter-webapp/index/init.htm?loginType=demo, line 1503: TypeError: Report.Register is not a function
JavaScript warning: https://cdn.zhsmjxc.com/CDN/UCenter-webapp/js/common/wbill_common.js?version=5.6.0.201809040351, line 2793: unreachable code after return statement
JavaScript warning: https://cdn.zhsmjxc.com/CDN/UCenter-webapp/js/common/wbill_common.js?version=5.6.0.201809040351, line 7694: unreachable code after return statement
JavaScript warning: https://cdn.zhsmjxc.com/CDN/UCenter-webapp/js/common/wbill_common.js?version=5.6.0.201809040351, line 7749: unreachable code after return statement
JavaScript warning: https://cdn.zhsmjxc.com/CDN/UCenter-webapp/js/common/wbill_common.js?version=5.6.0.201809040351, line 7796: unreachable code after return statement
JavaScript warning: https://cdn.zhsmjxc.com/CDN/UCenter-webapp/js/common/wbill_common.js?version=5.6.0.201809040351, line 7846: unreachable code after return statement
JavaScript warning: https://cdn.zhsmjxc.com/CDN/UCenter-webapp/js/filter/filter.js, line 11: unreachable code after return statement
JavaScript warning: https://cdn.zhsmjxc.com/CDN/UCenter-webapp/js/common/wbill_common.js?version=5.6.0.201809040351, line 2793: unreachable code after return statement
JavaScript warning: https://cdn.zhsmjxc.com/CDN/UCenter-webapp/js/common/wbill_common.js?version=5.6.0.201809040351, line 7694: unreachable code after return statement
JavaScript warning: https://cdn.zhsmjxc.com/CDN/UCenter-webapp/js/common/wbill_common.js?version=5.6.0.201809040351, line 7749: unreachable code after return statement
JavaScript warning: https://cdn.zhsmjxc.com/CDN/UCenter-webapp/js/common/wbill_common.js?version=5.6.0.201809040351, line 7796: unreachable code after return statement
JavaScript warning: https://cdn.zhsmjxc.com/CDN/UCenter-webapp/js/common/wbill_common.js?version=5.6.0.201809040351, line 7846: unreachable code after return statement
JavaScript warning: https://cdn.zhsmjxc.com/CDN/UCenter-webapp/js/filter/filter.js, line 11: unreachable code after return statement
JavaScript warning: https://cdn.zhsmjxc.com/CDN/UCenter-webapp/js/common/wbill_common.js?version=5.6.0.201809040351, line 2793: unreachable code after return statement
JavaScript warning: https://cdn.zhsmjxc.com/CDN/UCenter-webapp/js/common/wbill_common.js?version=5.6.0.201809040351, line 7694: unreachable code after return statement
JavaScript warning: https://cdn.zhsmjxc.com/CDN/UCenter-webapp/js/common/wbill_common.js?version=5.6.0.201809040351, line 7749: unreachable code after return statement
JavaScript warning: https://cdn.zhsmjxc.com/CDN/UCenter-webapp/js/common/wbill_common.js?version=5.6.0.201809040351, line 7796: unreachable code after return statement
JavaScript warning: https://cdn.zhsmjxc.com/CDN/UCenter-webapp/js/common/wbill_common.js?version=5.6.0.201809040351, line 7846: unreachable code after return statement
JavaScript warning: https://cdn.zhsmjxc.com/CDN/UCenter-webapp/js/filter/filter.js, line 11: unreachable code after return statement
JavaScript error: http://dn-growing.qbox.me/vds.js, line 5: TypeError: window.getComputedStyle(...) is null
JavaScript warning: https://cdn.zhsmjxc.com/CDN/UCenter-webapp/js/common/wbill_common.js?version=5.6.0.201809040351, line 2793: unreachable code after return statement
JavaScript warning: https://cdn.zhsmjxc.com/CDN/UCenter-webapp/js/common/wbill_common.js?version=5.6.0.201809040351, line 7694: unreachable code after return statement
JavaScript warning: https://cdn.zhsmjxc.com/CDN/UCenter-webapp/js/common/wbill_common.js?version=5.6.0.201809040351, line 7749: unreachable code after return statement
JavaScript warning: https://cdn.zhsmjxc.com/CDN/UCenter-webapp/js/common/wbill_common.js?version=5.6.0.201809040351, line 7796: unreachable code after return statement
JavaScript warning: https://cdn.zhsmjxc.com/CDN/UCenter-webapp/js/common/wbill_common.js?version=5.6.0.201809040351, line 7846: unreachable code after return statement
JavaScript warning: https://cdn.zhsmjxc.com/CDN/UCenter-webapp/js/filter/filter.js, line 11: unreachable code after return statement
JavaScript warning: https://cdn.zhsmjxc.com/CDN/UCenter-webapp/js/common/wbill_common.js?version=5.6.0.201809040351, line 7694: unreachable code after return statement
JavaScript warning: https://cdn.zhsmjxc.com/CDN/UCenter-webapp/js/common/wbill_common.js?version=5.6.0.201809040351, line 7749: unreachable code after return statement
JavaScript warning: https://cdn.zhsmjxc.com/CDN/UCenter-webapp/js/common/wbill_common.js?version=5.6.0.201809040351, line 7796: unreachable code after return statement
JavaScript warning: https://cdn.zhsmjxc.com/CDN/UCenter-webapp/js/common/wbill_common.js?version=5.6.0.201809040351, line 7846: unreachable code after return statement
JavaScript warning: https://cdn.zhsmjxc.com/CDN/UCenter-webapp/js/filter/filter.js, line 11: unreachable code after return statement
JavaScript warning: https://cdn.zhsmjxc.com/CDN/UCenter-webapp/js/common/wbill_common.js?version=5.6.0.201809040351, line 2793: unreachable code after return statement
JavaScript warning: https://cdn.zhsmjxc.com/CDN/UCenter-webapp/js/common/wbill_common.js?version=5.6.0.201809040351, line 2793: unreachable code after return statement
JavaScript warning: https://cdn.zhsmjxc.com/CDN/UCenter-webapp/js/common/wbill_common.js?version=5.6.0.201809040351, line 7694: unreachable code after return statement
JavaScript warning: https://cdn.zhsmjxc.com/CDN/UCenter-webapp/js/common/wbill_common.js?version=5.6.0.201809040351, line 7749: unreachable code after return statement
JavaScript warning: https://cdn.zhsmjxc.com/CDN/UCenter-webapp/js/common/wbill_common.js?version=5.6.0.201809040351, line 7796: unreachable code after return statement
JavaScript warning: https://cdn.zhsmjxc.com/CDN/UCenter-webapp/js/common/wbill_common.js?version=5.6.0.201809040351, line 7846: unreachable code after return statement
JavaScript warning: https://cdn.zhsmjxc.com/CDN/UCenter-webapp/js/filter/filter.js, line 11: unreachable code after return statement
IPDL protocol error: Handler returned error code!

###!!! [Parent][DispatchAsyncMessage] Error: PAPZCTreeManager::Msg_SetTargetAPZC Processing error: message was deserialized, but the handler returned false (indicating failure)

JavaScript error: resource://devtools/shared/base-loader.js -> resource://devtools/server/actors/highlighters/box-model.js, line 416: TypeError: quads is undefined
console.error: ({})
getAppliedProps@resource://devtools/shared/base-loader.js -> resource://devtools/server/actors/styles.js:702:11
getApplied@resource://devtools/shared/base-loader.js -> resource://devtools/server/actors/styles.js:469:18
handler@resource://devtools/shared/base-loader.js -> resource://devtools/shared/protocol.js:1141:19
onPacket@resource://devtools/shared/base-loader.js -> resource://devtools/server/main.js:1761:15
receiveMessage@resource://devtools/shared/base-loader.js -> resource://devtools/shared/transport/transport.js:735:7
console.error: ({})
getAppliedProps@resource://devtools/shared/base-loader.js -> resource://devtools/server/actors/styles.js:702:11
getApplied@resource://devtools/shared/base-loader.js -> resource://devtools/server/actors/styles.js:469:18
handler@resource://devtools/shared/base-loader.js -> resource://devtools/shared/protocol.js:1141:19
onPacket@resource://devtools/shared/base-loader.js -> resource://devtools/server/main.js:1761:15
receiveMessage@resource://devtools/shared/base-loader.js -> resource://devtools/shared/transport/transport.js:735:7
console.error: "unknownError"
console.error: "unknownError"
console.error: "unknownError"
console.error: "unknownError"
JavaScript error: http://dn-growing.qbox.me/vds.js, line 5: TypeError: window.getComputedStyle(...) is null
JavaScript error: resource://devtools/shared/base-loader.js -> resource://devtools/server/actors/highlighters/utils/markup.js, line 96: TypeError: window.document.documentElement is null
console.error: (new TypeError("can't access dead object", "resource://devtools/shared/base-loader.js -> resource://devtools/server/actors/inspector/walker.js", 420))
documentElement@resource://devtools/shared/base-loader.js -> resource://devtools/server/actors/inspector/walker.js:420:1
handler@resource://devtools/shared/base-loader.js -> resource://devtools/shared/protocol.js:1141:19
onPacket@resource://devtools/shared/base-loader.js -> resource://devtools/server/main.js:1761:15
receiveMessage@resource://devtools/shared/base-loader.js -> resource://devtools/shared/transport/transport.js:735:7
console.error: "Protocol error (unknownError): can't access dead object"
JavaScript error: http://web.zhsmjxc.com/UCenter-webapp/index/init.htm?loginType=demo, line 1503: TypeError: Report.Register is not a function
JavaScript error: http://dn-growing.qbox.me/vds.js, line 5: TypeError: window.getComputedStyle(...) is null
JavaScript error: http://web.zhsmjxc.com/UCenter-webapp/index/init.htm?loginType=demo, line 1503: TypeError: Report.Register is not a function
JavaScript error: http://dn-growing.qbox.me/vds.js, line 5: TypeError: window.getComputedStyle(...) is null
console.error: "Protocol error (noSuchActor): No such actor for ID: server1.conn0.child1/highlighter27"
Unable to read VR Path Registry from C:\Users\THINK\AppData\Local\openvr\openvrpaths.vrpath
JavaScript error: http://dn-growing.qbox.me/vds.js, line 5: TypeError: window.getComputedStyle(...) is null
JavaScript error: http://web.zhsmjxc.com/UCenter-webapp/index/init.htm?loginType=demo, line 1: ReferenceError: $ is not defined
JavaScript error: http://web.zhsmjxc.com/UCenter-webapp/index/init.htm?loginType=demo, line 1503: TypeError: Report.Register is not a function
JavaScript error: http://dn-growing.qbox.me/vds.js, line 5: TypeError: window.getComputedStyle(...) is null
JavaScript error: http://dn-growing.qbox.me/vds.js, line 5: TypeError: window.getComputedStyle(...) is null
JavaScript error: http://web.zhsmjxc.com/UCenter-webapp/index/init.htm?loginType=demo, line 1503: TypeError: Report.Register is not a function
JavaScript error: http://dn-growing.qbox.me/vds.js, line 5: TypeError: window.getComputedStyle(...) is null
JavaScript warning: https://cdn.zhsmjxc.com/CDN/UCenter-webapp/js/common/wbill_common.js?version=5.6.0.201809040351, line 2793: unreachable code after return statement
JavaScript warning: https://cdn.zhsmjxc.com/CDN/UCenter-webapp/js/common/wbill_common.js?version=5.6.0.201809040351, line 7694: unreachable code after return statement
JavaScript warning: https://cdn.zhsmjxc.com/CDN/UCenter-webapp/js/common/wbill_common.js?version=5.6.0.201809040351, line 7749: unreachable code after return statement
JavaScript warning: https://cdn.zhsmjxc.com/CDN/UCenter-webapp/js/common/wbill_common.js?version=5.6.0.201809040351, line 7796: unreachable code after return statement
JavaScript warning: https://cdn.zhsmjxc.com/CDN/UCenter-webapp/js/common/wbill_common.js?version=5.6.0.201809040351, line 7846: unreachable code after return statement
JavaScript warning: https://cdn.zhsmjxc.com/CDN/UCenter-webapp/js/filter/filter.js, line 11: unreachable code after return statement
JavaScript warning: https://cdn.zhsmjxc.com/CDN/UCenter-webapp/js/common/wbill_common.js?version=5.6.0.201809040351, line 7694: unreachable code after return statement
JavaScript warning: https://cdn.zhsmjxc.com/CDN/UCenter-webapp/js/common/wbill_common.js?version=5.6.0.201809040351, line 7749: unreachable code after return statement
JavaScript warning: https://cdn.zhsmjxc.com/CDN/UCenter-webapp/js/common/wbill_common.js?version=5.6.0.201809040351, line 7796: unreachable code after return statement
JavaScript warning: https://cdn.zhsmjxc.com/CDN/UCenter-webapp/js/common/wbill_common.js?version=5.6.0.201809040351, line 7846: unreachable code after return statement
JavaScript warning: https://cdn.zhsmjxc.com/CDN/UCenter-webapp/js/filter/filter.js, line 11: unreachable code after return statement
JavaScript warning: https://cdn.zhsmjxc.com/CDN/UCenter-webapp/js/common/wbill_common.js?version=5.6.0.201809040351, line 2793: unreachable code after return statement
JavaScript warning: https://cdn.zhsmjxc.com/CDN/UCenter-webapp/js/filter/filter.js, line 11: unreachable code after return statement
JavaScript warning: https://cdn.zhsmjxc.com/CDN/UCenter-webapp/js/common/wbill_common.js?version=5.6.0.201809040351, line 7694: unreachable code after return statement
JavaScript warning: https://cdn.zhsmjxc.com/CDN/UCenter-webapp/js/common/wbill_common.js?version=5.6.0.201809040351, line 7749: unreachable code after return statement
JavaScript warning: https://cdn.zhsmjxc.com/CDN/UCenter-webapp/js/common/wbill_common.js?version=5.6.0.201809040351, line 7796: unreachable code after return statement
JavaScript warning: https://cdn.zhsmjxc.com/CDN/UCenter-webapp/js/common/wbill_common.js?version=5.6.0.201809040351, line 7846: unreachable code after return statement
JavaScript warning: https://cdn.zhsmjxc.com/CDN/UCenter-webapp/js/common/wbill_common.js?version=5.6.0.201809040351, line 2793: unreachable code after return statement
JavaScript warning: https://cdn.zhsmjxc.com/CDN/UCenter-webapp/js/common/wbill_common.js?version=5.6.0.201809040351, line 2793: unreachable code after return statement
JavaScript warning: https://cdn.zhsmjxc.com/CDN/UCenter-webapp/js/common/wbill_common.js?version=5.6.0.201809040351, line 7694: unreachable code after return statement
JavaScript warning: https://cdn.zhsmjxc.com/CDN/UCenter-webapp/js/common/wbill_common.js?version=5.6.0.201809040351, line 7749: unreachable code after return statement
JavaScript warning: https://cdn.zhsmjxc.com/CDN/UCenter-webapp/js/common/wbill_common.js?version=5.6.0.201809040351, line 7796: unreachable code after return statement
JavaScript warning: https://cdn.zhsmjxc.com/CDN/UCenter-webapp/js/common/wbill_common.js?version=5.6.0.201809040351, line 7846: unreachable code after return statement
JavaScript warning: https://cdn.zhsmjxc.com/CDN/UCenter-webapp/js/filter/filter.js, line 11: unreachable code after return statement
Unable to read VR Path Registry from C:\Users\THINK\AppData\Local\openvr\openvrpaths.vrpath
JavaScript error: resource://devtools/shared/base-loader.js -> resource://devtools/client/framework/toolbox.js, line 1267: TypeError: currentPanel is undefined
JavaScript error: http://web.zhsmjxc.com/UCenter-webapp/index/init.htm?loginType=demo, line 1503: TypeError: Report.Register is not a function
JavaScript error: http://dn-growing.qbox.me/vds.js, line 5: TypeError: window.getComputedStyle(...) is null
Unable to read VR Path Registry from C:\Users\THINK\AppData\Local\openvr\openvrpaths.vrpath
JavaScript error: https://ss1.bdstatic.com/5eN1bjq8AAUYm2zgoY3K/r/www/cache/static/protocol/https/plugins/every_cookie_4644b13.js, line 4: ReferenceError: c is not defined
[Parent 12392, Gecko_IOThread] WARNING: pipe error: 109: file z:/build/build/src/ipc/chromium/src/chrome/common/ipc_channel_win.cc, line 346
[Child 14296, Chrome_ChildThread] WARNING: pipe error: 109: file z:/build/build/src/ipc/chromium/src/chrome/common/ipc_channel_win.cc, line 346
console.error: ({})
getAppliedProps@resource://devtools/shared/base-loader.js -> resource://devtools/server/actors/styles.js:702:11
getApplied@resource://devtools/shared/base-loader.js -> resource://devtools/server/actors/styles.js:469:18
handler@resource://devtools/shared/base-loader.js -> resource://devtools/shared/protocol.js:1141:19
onPacket@resource://devtools/shared/base-loader.js -> resource://devtools/server/main.js:1761:15
receiveMessage@resource://devtools/shared/base-loader.js -> resource://devtools/shared/transport/transport.js:735:7
console.error: "unknownError"
console.error: "unknownError"
console.error: ({})
getAppliedProps@resource://devtools/shared/base-loader.js -> resource://devtools/server/actors/styles.js:702:11
getApplied@resource://devtools/shared/base-loader.js -> resource://devtools/server/actors/styles.js:469:18
handler@resource://devtools/shared/base-loader.js -> resource://devtools/shared/protocol.js:1141:19
onPacket@resource://devtools/shared/base-loader.js -> resource://devtools/server/main.js:1761:15
receiveMessage@resource://devtools/shared/base-loader.js -> resource://devtools/shared/transport/transport.js:735:7
console.error: "unknownError"
console.error: "unknownError"
console.error: ({})
getAppliedProps@resource://devtools/shared/base-loader.js -> resource://devtools/server/actors/styles.js:702:11
getApplied@resource://devtools/shared/base-loader.js -> resource://devtools/server/actors/styles.js:469:18
handler@resource://devtools/shared/base-loader.js -> resource://devtools/shared/protocol.js:1141:19
onPacket@resource://devtools/shared/base-loader.js -> resource://devtools/server/main.js:1761:15
receiveMessage@resource://devtools/shared/base-loader.js -> resource://devtools/shared/transport/transport.js:735:7
console.error: "unknownError"
console.error: "unknownError"
console.error: ({})
getAppliedProps@resource://devtools/shared/base-loader.js -> resource://devtools/server/actors/styles.js:702:11
getApplied@resource://devtools/shared/base-loader.js -> resource://devtools/server/actors/styles.js:469:18
handler@resource://devtools/shared/base-loader.js -> resource://devtools/shared/protocol.js:1141:19
onPacket@resource://devtools/shared/base-loader.js -> resource://devtools/server/main.js:1761:15
receiveMessage@resource://devtools/shared/base-loader.js -> resource://devtools/shared/transport/transport.js:735:7
console.error: "unknownError"
console.error: "unknownError"
console.warn: "Got an unexpected frameLoad in the inspector, please file a bug on bugzilla.mozilla.org!"
console.trace: 
resource://devtools/shared/base-loader.js -> resource://devtools/shared/fronts/inspector.js 369 WalkerFront<.getMutations</<
JavaScript warning: https://cdn.zhsmjxc.com/CDN/UCenter-webapp/js/common/wbill_common.js?version=5.6.0.201809040351, line 2793: unreachable code after return statement
JavaScript warning: https://cdn.zhsmjxc.com/CDN/UCenter-webapp/js/common/wbill_common.js?version=5.6.0.201809040351, line 7694: unreachable code after return statement
JavaScript warning: https://cdn.zhsmjxc.com/CDN/UCenter-webapp/js/common/wbill_common.js?version=5.6.0.201809040351, line 7749: unreachable code after return statement
JavaScript warning: https://cdn.zhsmjxc.com/CDN/UCenter-webapp/js/common/wbill_common.js?version=5.6.0.201809040351, line 7796: unreachable code after return statement
JavaScript warning: https://cdn.zhsmjxc.com/CDN/UCenter-webapp/js/common/wbill_common.js?version=5.6.0.201809040351, line 7846: unreachable code after return statement
JavaScript warning: https://cdn.zhsmjxc.com/CDN/UCenter-webapp/js/filter/filter.js, line 11: unreachable code after return statement
JavaScript warning: https://cdn.zhsmjxc.com/CDN/UCenter-webapp/js/common/wbill_common.js?version=5.6.0.201809040351, line 2793: unreachable code after return statement
JavaScript warning: https://cdn.zhsmjxc.com/CDN/UCenter-webapp/js/common/wbill_common.js?version=5.6.0.201809040351, line 7694: unreachable code after return statement
JavaScript warning: https://cdn.zhsmjxc.com/CDN/UCenter-webapp/js/common/wbill_common.js?version=5.6.0.201809040351, line 7749: unreachable code after return statement
JavaScript warning: https://cdn.zhsmjxc.com/CDN/UCenter-webapp/js/common/wbill_common.js?version=5.6.0.201809040351, line 7796: unreachable code after return statement
JavaScript warning: https://cdn.zhsmjxc.com/CDN/UCenter-webapp/js/common/wbill_common.js?version=5.6.0.201809040351, line 7846: unreachable code after return statement
JavaScript warning: https://cdn.zhsmjxc.com/CDN/UCenter-webapp/js/filter/filter.js, line 11: unreachable code after return statement
JavaScript warning: https://cdn.zhsmjxc.com/CDN/UCenter-webapp/js/common/wbill_common.js?version=5.6.0.201809040351, line 2793: unreachable code after return statement
JavaScript warning: https://cdn.zhsmjxc.com/CDN/UCenter-webapp/js/common/wbill_common.js?version=5.6.0.201809040351, line 7694: unreachable code after return statement
JavaScript warning: https://cdn.zhsmjxc.com/CDN/UCenter-webapp/js/common/wbill_common.js?version=5.6.0.201809040351, line 7749: unreachable code after return statement
JavaScript warning: https://cdn.zhsmjxc.com/CDN/UCenter-webapp/js/common/wbill_common.js?version=5.6.0.201809040351, line 7796: unreachable code after return statement
JavaScript warning: https://cdn.zhsmjxc.com/CDN/UCenter-webapp/js/common/wbill_common.js?version=5.6.0.201809040351, line 7846: unreachable code after return statement
JavaScript warning: https://cdn.zhsmjxc.com/CDN/UCenter-webapp/js/filter/filter.js, line 11: unreachable code after return statement
JavaScript warning: https://cdn.zhsmjxc.com/CDN/UCenter-webapp/js/common/wbill_common.js?version=5.6.0.201809040351, line 7694: unreachable code after return statement
JavaScript warning: https://cdn.zhsmjxc.com/CDN/UCenter-webapp/js/common/wbill_common.js?version=5.6.0.201809040351, line 7749: unreachable code after return statement
JavaScript warning: https://cdn.zhsmjxc.com/CDN/UCenter-webapp/js/common/wbill_common.js?version=5.6.0.201809040351, line 7796: unreachable code after return statement
JavaScript warning: https://cdn.zhsmjxc.com/CDN/UCenter-webapp/js/common/wbill_common.js?version=5.6.0.201809040351, line 7846: unreachable code after return statement
JavaScript warning: https://cdn.zhsmjxc.com/CDN/UCenter-webapp/js/common/wbill_common.js?version=5.6.0.201809040351, line 2793: unreachable code after return statement
JavaScript warning: https://cdn.zhsmjxc.com/CDN/UCenter-webapp/js/filter/filter.js, line 11: unreachable code after return statement
JavaScript warning: https://cdn.zhsmjxc.com/CDN/UCenter-webapp/js/common/wbill_common.js?version=5.6.0.201809040351, line 2793: unreachable code after return statement
JavaScript warning: https://cdn.zhsmjxc.com/CDN/UCenter-webapp/js/common/wbill_common.js?version=5.6.0.201809040351, line 7694: unreachable code after return statement
JavaScript warning: https://cdn.zhsmjxc.com/CDN/UCenter-webapp/js/common/wbill_common.js?version=5.6.0.201809040351, line 7749: unreachable code after return statement
JavaScript warning: https://cdn.zhsmjxc.com/CDN/UCenter-webapp/js/common/wbill_common.js?version=5.6.0.201809040351, line 7796: unreachable code after return statement
JavaScript warning: https://cdn.zhsmjxc.com/CDN/UCenter-webapp/js/common/wbill_common.js?version=5.6.0.201809040351, line 7846: unreachable code after return statement
JavaScript warning: https://cdn.zhsmjxc.com/CDN/UCenter-webapp/js/filter/filter.js, line 11: unreachable code after return statement
JavaScript warning: https://cdn.zhsmjxc.com/CDN/UCenter-webapp/js/common/wbill_common.js?version=5.6.0.201809040351, line 7694: unreachable code after return statement
JavaScript warning: https://cdn.zhsmjxc.com/CDN/UCenter-webapp/js/common/wbill_common.js?version=5.6.0.201809040351, line 7749: unreachable code after return statement
JavaScript warning: https://cdn.zhsmjxc.com/CDN/UCenter-webapp/js/common/wbill_common.js?version=5.6.0.201809040351, line 7796: unreachable code after return statement
JavaScript warning: https://cdn.zhsmjxc.com/CDN/UCenter-webapp/js/common/wbill_common.js?version=5.6.0.201809040351, line 7846: unreachable code after return statement
JavaScript warning: https://cdn.zhsmjxc.com/CDN/UCenter-webapp/js/filter/filter.js, line 11: unreachable code after return statement
JavaScript warning: https://cdn.zhsmjxc.com/CDN/UCenter-webapp/js/common/wbill_common.js?version=5.6.0.201809040351, line 2793: unreachable code after return statement
JavaScript warning: https://cdn.zhsmjxc.com/CDN/UCenter-webapp/js/common/wbill_common.js?version=5.6.0.201809040351, line 2793: unreachable code after return statement
JavaScript warning: https://cdn.zhsmjxc.com/CDN/UCenter-webapp/js/common/wbill_common.js?version=5.6.0.201809040351, line 7694: unreachable code after return statement
JavaScript warning: https://cdn.zhsmjxc.com/CDN/UCenter-webapp/js/common/wbill_common.js?version=5.6.0.201809040351, line 7749: unreachable code after return statement
JavaScript warning: https://cdn.zhsmjxc.com/CDN/UCenter-webapp/js/common/wbill_common.js?version=5.6.0.201809040351, line 7796: unreachable code after return statement
JavaScript warning: https://cdn.zhsmjxc.com/CDN/UCenter-webapp/js/common/wbill_common.js?version=5.6.0.201809040351, line 7846: unreachable code after return statement
JavaScript warning: https://cdn.zhsmjxc.com/CDN/UCenter-webapp/js/filter/filter.js, line 11: unreachable code after return statement
JavaScript warning: https://cdn.zhsmjxc.com/CDN/UCenter-webapp/js/common/wbill_common.js?version=5.6.0.201809040351, line 7694: unreachable code after return statement
JavaScript warning: https://cdn.zhsmjxc.com/CDN/UCenter-webapp/js/common/wbill_common.js?version=5.6.0.201809040351, line 7749: unreachable code after return statement
JavaScript warning: https://cdn.zhsmjxc.com/CDN/UCenter-webapp/js/common/wbill_common.js?version=5.6.0.201809040351, line 7796: unreachable code after return statement
JavaScript warning: https://cdn.zhsmjxc.com/CDN/UCenter-webapp/js/common/wbill_common.js?version=5.6.0.201809040351, line 7846: unreachable code after return statement
JavaScript warning: https://cdn.zhsmjxc.com/CDN/UCenter-webapp/js/common/wbill_common.js?version=5.6.0.201809040351, line 2793: unreachable code after return statement
JavaScript warning: https://cdn.zhsmjxc.com/CDN/UCenter-webapp/js/filter/filter.js, line 11: unreachable code after return statement
JavaScript warning: https://cdn.zhsmjxc.com/CDN/UCenter-webapp/js/common/wbill_common.js?version=5.6.0.201809040351, line 7694: unreachable code after return statement
JavaScript warning: https://cdn.zhsmjxc.com/CDN/UCenter-webapp/js/common/wbill_common.js?version=5.6.0.201809040351, line 7749: unreachable code after return statement
JavaScript warning: https://cdn.zhsmjxc.com/CDN/UCenter-webapp/js/common/wbill_common.js?version=5.6.0.201809040351, line 7796: unreachable code after return statement
JavaScript warning: https://cdn.zhsmjxc.com/CDN/UCenter-webapp/js/common/wbill_common.js?version=5.6.0.201809040351, line 7846: unreachable code after return statement
JavaScript warning: https://cdn.zhsmjxc.com/CDN/UCenter-webapp/js/filter/filter.js, line 11: unreachable code after return statement
JavaScript warning: https://cdn.zhsmjxc.com/CDN/UCenter-webapp/js/common/wbill_common.js?version=5.6.0.201809040351, line 2793: unreachable code after return statement
JavaScript warning: https://cdn.zhsmjxc.com/CDN/UCenter-webapp/js/common/wbill_common.js?version=5.6.0.201809040351, line 2793: unreachable code after return statement
JavaScript warning: https://cdn.zhsmjxc.com/CDN/UCenter-webapp/js/common/wbill_common.js?version=5.6.0.201809040351, line 7694: unreachable code after return statement
JavaScript warning: https://cdn.zhsmjxc.com/CDN/UCenter-webapp/js/common/wbill_common.js?version=5.6.0.201809040351, line 7749: unreachable code after return statement
JavaScript warning: https://cdn.zhsmjxc.com/CDN/UCenter-webapp/js/common/wbill_common.js?version=5.6.0.201809040351, line 7796: unreachable code after return statement
JavaScript warning: https://cdn.zhsmjxc.com/CDN/UCenter-webapp/js/common/wbill_common.js?version=5.6.0.201809040351, line 7846: unreachable code after return statement
JavaScript warning: https://cdn.zhsmjxc.com/CDN/UCenter-webapp/js/filter/filter.js, line 11: unreachable code after return statement
JavaScript warning: https://cdn.zhsmjxc.com/CDN/UCenter-webapp/js/common/wbill_common.js?version=5.6.0.201809040351, line 7694: unreachable code after return statement
JavaScript warning: https://cdn.zhsmjxc.com/CDN/UCenter-webapp/js/common/wbill_common.js?version=5.6.0.201809040351, line 7749: unreachable code after return statement
JavaScript warning: https://cdn.zhsmjxc.com/CDN/UCenter-webapp/js/common/wbill_common.js?version=5.6.0.201809040351, line 7796: unreachable code after return statement
JavaScript warning: https://cdn.zhsmjxc.com/CDN/UCenter-webapp/js/common/wbill_common.js?version=5.6.0.201809040351, line 7846: unreachable code after return statement
JavaScript warning: https://cdn.zhsmjxc.com/CDN/UCenter-webapp/js/filter/filter.js, line 11: unreachable code after return statement
JavaScript warning: https://cdn.zhsmjxc.com/CDN/UCenter-webapp/js/common/wbill_common.js?version=5.6.0.201809040351, line 2793: unreachable code after return statement
JavaScript warning: https://cdn.zhsmjxc.com/CDN/UCenter-webapp/js/common/wbill_common.js?version=5.6.0.201809040351, line 7694: unreachable code after return statement
JavaScript warning: https://cdn.zhsmjxc.com/CDN/UCenter-webapp/js/common/wbill_common.js?version=5.6.0.201809040351, line 7749: unreachable code after return statement
JavaScript warning: https://cdn.zhsmjxc.com/CDN/UCenter-webapp/js/common/wbill_common.js?version=5.6.0.201809040351, line 7796: unreachable code after return statement
JavaScript warning: https://cdn.zhsmjxc.com/CDN/UCenter-webapp/js/common/wbill_common.js?version=5.6.0.201809040351, line 7846: unreachable code after return statement
JavaScript warning: https://cdn.zhsmjxc.com/CDN/UCenter-webapp/js/filter/filter.js, line 11: unreachable code after return statement
JavaScript warning: https://cdn.zhsmjxc.com/CDN/UCenter-webapp/js/common/wbill_common.js?version=5.6.0.201809040351, line 2793: unreachable code after return statement
JavaScript warning: resource://devtools/shared/base-loader.js -> resource://devtools/client/shared/demangle.js, line 0: Successfully compiled asm.js code (total compilation time 147ms; unable to cache asm.js in synchronous scripts; try loading asm.js via <script async> or createElement('script'))
console.warn: "Got an unexpected frameLoad in the inspector, please file a bug on bugzilla.mozilla.org!"
console.trace: 
resource://devtools/shared/base-loader.js -> resource://devtools/shared/fronts/inspector.js 369 WalkerFront<.getMutations</<
1536144330970	addons.xpi	WARN	Please specify whether you want browser_style or not in your options_ui options.
1536144361147	addons.xpi	WARN	Failed to remove temporary file C:\Users\THINK\AppData\Local\Temp\tmp-jqv.xpi for addon https://addons.mozilla.org/firefox/downloads/file/738004/xdebug_helper_for_firefox-1.0.5-an+fx.xpi?src=search: [Exception... "Component returned failure code: 0x80520015 (NS_ERROR_FILE_ACCESS_DENIED) [nsIFile.remove]"  nsresult: "0x80520015 (NS_ERROR_FILE_ACCESS_DENIED)"  location: "JS frame :: resource://gre/modules/addons/XPIInstall.jsm :: removeTemporaryFile :: line 1729"  data: no] Stack trace: removeTemporaryFile()@resource://gre/modules/addons/XPIInstall.jsm:1729
startInstall/<()@resource://gre/modules/addons/XPIInstall.jsm:2061
1536144361242	addons.webextension.{806cbba4-1bd3-4916-9ddc-e719e9ca0cbf}	WARN	Please specify whether you want browser_style or not in your page_action options.
Unable to read VR Path Registry from C:\Users\THINK\AppData\Local\openvr\openvrpaths.vrpath
[Child 5040, Chrome_ChildThread] WARNING: pipe error: 109: file z:/build/build/src/ipc/chromium/src/chrome/common/ipc_channel_win.cc, line 346
[Child 5040, Chrome_ChildThread] WARNING: pipe error: 109: file z:/build/build/src/ipc/chromium/src/chrome/common/ipc_channel_win.cc, line 346
[Parent 12392, Gecko_IOThread] WARNING: pipe error: 109: file z:/build/build/src/ipc/chromium/src/chrome/common/ipc_channel_win.cc, line 346
Unable to read VR Path Registry from C:\Users\THINK\AppData\Local\openvr\openvrpaths.vrpath
[Child 12388, Chrome_ChildThread] WARNING: pipe error: 109: file z:/build/build/src/ipc/chromium/src/chrome/common/ipc_channel_win.cc, line 346
[Child 12388, Chrome_ChildThread] WARNING: pipe error: 109: file z:/build/build/src/ipc/chromium/src/chrome/common/ipc_channel_win.cc, line 346
[Parent 12392, Gecko_IOThread] WARNING: pipe error: 109: file z:/build/build/src/ipc/chromium/src/chrome/common/ipc_channel_win.cc, line 346
[Parent 12392, Gecko_IOThread] WARNING: pipe error: 109: file z:/build/build/src/ipc/chromium/src/chrome/common/ipc_channel_win.cc, line 346
Unable to read VR Path Registry from C:\Users\THINK\AppData\Local\openvr\openvrpaths.vrpath
[Child 1212, Chrome_ChildThread] WARNING: pipe error: 109: file z:/build/build/src/ipc/chromium/src/chrome/common/ipc_channel_win.cc, line 346
[Child 1212, Chrome_ChildThread] WARNING: pipe error: 109: file z:/build/build/src/ipc/chromium/src/chrome/common/ipc_channel_win.cc, line 346
[Child 12588, Chrome_ChildThread] WARNING: pipe error: 109: file z:/build/build/src/ipc/chromium/src/chrome/common/ipc_channel_win.cc, line 346
[Child 12588, Chrome_ChildThread] WARNING: pipe error: 109: file z:/build/build/src/ipc/chromium/src/chrome/common/ipc_channel_win.cc, line 346
[Parent 12392, Gecko_IOThread] WARNING: pipe error: 109: file z:/build/build/src/ipc/chromium/src/chrome/common/ipc_channel_win.cc, line 346
[Child 11484, Chrome_ChildThread] WARNING: pipe error: 109: file z:/build/build/src/ipc/chromium/src/chrome/common/ipc_channel_win.cc, line 346
m/CDN/UCenter-webapp/js/common/wbill_common.js?version=5.6.0.201809040351, line 7796: unreachable code after return statement
JavaScript warning: https://cdn.zhsmjxc.com/CDN/UCenter-webapp/js/common/wbill_common.js?version=5.6.0.201809040351, line 7846: unreachable code after return statement
JavaScript warning: https://cdn.zhsmjxc.com/CDN/UCenter-webapp/js/filter/filter.js, line 11: unreachable code after return statement
JavaScript warning: https://cdn.zhsmjxc.com/CDN/UCenter-webapp/js/common/wbill_common.js?version=5.6.0.201809040351, line 2793: unreachable code after return statement
JavaScript warning: https://cdn.zhsmjxc.com/CDN/UCenter-webapp/js/common/wbill_common.js?version=5.6.0.201809040351, line 7694: unreachable code after return statement
JavaScript warning: https://cdn.zhsmjxc.com/CDN/UCenter-webapp/js/common/wbill_common.js?version=5.6.0.201809040351, line 7749: unreachable code after return statement
JavaScript warning: https://cdn.zhsmjxc.com/CDN/UCenter-webapp/js/common/wbill_common.js?version=5.6.0.201809040351, line 7796: unreachable code after return statement
JavaScript warning: https://cdn.zhsmjxc.com/CDN/UCenter-webapp/js/common/wbill_common.js?version=5.6.0.201809040351, line 7846: unreachable code after return statement
JavaScript warning: https://cdn.zhsmjxc.com/CDN/UCenter-webapp/js/filter/filter.js, line 11: unreachable code after return statement
JavaScript error: http://dn-growing.qbox.me/vds.js, line 5: TypeError: window.getComputedStyle(...) is null
Unable to read VR Path Registry from C:\Users\THINK\AppData\Local\openvr\openvrpaths.vrpath
[Parent 13460, Gecko_IOThread] WARNING: pipe error: 109: file z:/build/build/src/ipc/chromium/src/chrome/common/ipc_channel_win.cc, line 346
[Parent 13460, Gecko_IOThread] WARNING: pipe error: 109: file z:/build/build/src/ipc/chromium/src/chrome/common/ipc_channel_win.cc, line 346
[Child 13520, Chrome_ChildThread] WARNING: pipe error: 109: file z:/build/build/src/ipc/chromium/src/chrome/common/ipc_channel_win.cc, line 346
[Child 13520, Chrome_ChildThread] WARNING: pipe error: 109: file z:/build/build/src/ipc/chromium/src/chrome/common/ipc_channel_win.cc, line 346
Unable to read VR Path Registry from C:\Users\THINK\AppData\Local\openvr\openvrpaths.vrpath
[Child 12624, Chrome_ChildThread] WARNING: pipe error: 109: file z:/build/build/src/ipc/chromium/src/chrome/common/ipc_channel_win.cc, line 346
[Child 12624, Chrome_ChildThread] WARNING: pipe error: 109: file z:/build/build/src/ipc/chromium/src/chrome/common/ipc_channel_win.cc, line 346
Unable to read VR Path Registry from C:\Users\THINK\AppData\Local\openvr\openvrpaths.vrpath
[Child 11120, Chrome_ChildThread] WARNING: pipe error: 109: file z:/build/build/src/ipc/chromium/src/chrome/common/ipc_channel_win.cc, line 346
*** UTM:SVC TimerManager:registerTimer called after profile-before-change notification. Ignoring timer registration for id: telemetry_modules_ping
Unable to read VR Path Registry from C:\Users\THINK\AppData\Local\openvr\openvrpaths.vrpath
[GPU 12428, Chrome_ChildThread] WARNING: pipe error: 109: file z:/build/build/src/ipc/chromium/src/chrome/common/ipc_channel_win.cc, line 346
1536137470801	geckodriver	INFO	geckodriver 0.21.0
1536137470829	geckodriver	INFO	Listening on 127.0.0.1:48565
1536137473872	mozrunner::runner	INFO	Running command: "C:\\Program Files\\Mozilla Firefox\\firefox.exe" "-marionette" "-foreground" "-no-remote" "-profile" "C:\\Users\\THINK\\AppData\\Local\\Temp\\rust_mozprofile.0ZJJrEWcNXU9"
1536137476634	Marionette	INFO	Listening on port 48577
1536137477118	Marionette	WARN	TLS certificate errors will be ignored for this session
Unable to read VR Path Registry from C:\Users\THINK\AppData\Local\openvr\openvrpaths.vrpath
JavaScript error: https://ss1.bdstatic.com/5eN1bjq8AAUYm2zgoY3K/r/www/cache/static/protocol/https/plugins/every_cookie_4644b13.js, line 4: ReferenceError: c is not defined
Unable to read VR Path Registry from C:\Users\THINK\AppData\Local\openvr\openvrpaths.vrpath
[Child 12676, Chrome_ChildThread] WARNING: pipe error: 109: file z:/build/build/src/ipc/chromium/src/chrome/common/ipc_channel_win.cc, line 346
[Child 12676, Chrome_ChildThread] WARNING: pipe error: 109: file z:/build/build/src/ipc/chromium/src/chrome/common/ipc_channel_win.cc, line 346
[Child 13960, Chrome_ChildThread] WARNING: pipe error: 109: file z:/build/build/src/ipc/chromium/src/chrome/common/ipc_channel_win.cc, line 346
[Child 13960, Chrome_ChildThread] WARNING: pipe error: 109: file z:/build/build/src/ipc/chromium/src/chrome/common/ipc_channel_win.cc, line 346
Unable to read VR Path Registry from C:\Users\THINK\AppData\Local\openvr\openvrpaths.vrpath
[Parent 5920, Gecko_IOThread] WARNING: pipe error: 109: file z:/build/build/src/ipc/chromium/src/chrome/common/ipc_channel_win.cc, line 346
Unable to read VR Path Registry from C:\Users\THINK\AppData\Local\openvr\openvrpaths.vrpath
[Child 12076, Chrome_ChildThread] WARNING: pipe error: 109: file z:/build/build/src/ipc/chromium/src/chrome/common/ipc_channel_win.cc, line 346
[Child 12076, Chrome_ChildThread] WARNING: pipe error: 109: file z:/build/build/src/ipc/chromium/src/chrome/common/ipc_channel_win.cc, line 346
*** UTM:SVC TimerManager:registerTimer called after profile-before-change notification. Ignoring timer registration for id: telemetry_modules_ping
Unable to read VR Path Registry from C:\Users\THINK\AppData\Local\openvr\openvrpaths.vrpath
[GPU 5400, Chrome_ChildThread] WARNING: pipe error: 109: file z:/build/build/src/ipc/chromium/src/chrome/common/ipc_channel_win.cc, line 346

###!!! [Child][MessageChannel::SendAndWait] Error: Channel error: cannot send/recv

1536137482070	geckodriver	INFO	geckodriver 0.21.0
1536137482087	geckodriver	INFO	Listening on 127.0.0.1:48631
1536137485101	mozrunner::runner	INFO	Running command: "C:\\Program Files\\Mozilla Firefox\\firefox.exe" "-marionette" "-foreground" "-no-remote" "-profile" "C:\\Users\\THINK\\AppData\\Local\\Temp\\rust_mozprofile.6boow08EPCd0"
1536137487714	Marionette	INFO	Listening on port 48643
1536137487898	Marionette	WARN	TLS certificate errors will be ignored for this session
Unable to read VR Path Registry from C:\Users\THINK\AppData\Local\openvr\openvrpaths.vrpath
JavaScript error: https://ss1.bdstatic.com/5eN1bjq8AAUYm2zgoY3K/r/www/cache/static/protocol/https/plugins/every_cookie_4644b13.js, line 4: ReferenceError: c is not defined
Unable to read VR Path Registry from C:\Users\THINK\AppData\Local\openvr\openvrpaths.vrpath
[Child 15052, Chrome_ChildThread] WARNING: pipe error: 109: file z:/build/build/src/ipc/chromium/src/chrome/common/ipc_channel_win.cc, line 346
[Child 15052, Chrome_ChildThread] WARNING: pipe error: 109: file z:/build/build/src/ipc/chromium/src/chrome/common/ipc_channel_win.cc, line 346
Unable to read VR Path Registry from C:\Users\THINK\AppData\Local\openvr\openvrpaths.vrpath
[Parent 14360, Gecko_IOThread] WARNING: pipe error: 109: file z:/build/build/src/ipc/chromium/src/chrome/common/ipc_channel_win.cc, line 346
[Child 14660, Chrome_ChildThread] WARNING: pipe error: 109: file z:/build/build/src/ipc/chromium/src/chrome/common/ipc_channel_win.cc, line 346
[Parent 14360, Gecko_IOThread] WARNING: pipe error: 109: file z:/build/build/src/ipc/chromium/src/chrome/common/ipc_channel_win.cc, line 346
Unable to read VR Path Registry from C:\Users\THINK\AppData\Local\openvr\openvrpaths.vrpath
[Child 14724, Chrome_ChildThread] WARNING: pipe error: 109: file z:/build/build/src/ipc/chromium/src/chrome/common/ipc_channel_win.cc, line 346
*** UTM:SVC TimerManager:registerTimer called after profile-before-change notification. Ignoring timer registration for id: telemetry_modules_ping
1536137917709	geckodriver	INFO	geckodriver 0.21.0
1536137917731	geckodriver	INFO	Listening on 127.0.0.1:49291
1536137920748	mozrunner::runner	INFO	Running command: "C:\\Program Files\\Mozilla Firefox\\firefox.exe" "-marionette" "-foreground" "-no-remote" "-profile" "C:\\Users\\THINK\\AppData\\Local\\Temp\\rust_mozprofile.2raOIR9LzxTn"
1536137923391	Marionette	INFO	Listening on port 49303
1536137923524	Marionette	WARN	TLS certificate errors will be ignored for this session
Unable to read VR Path Registry from C:\Users\THINK\AppData\Local\openvr\openvrpaths.vrpath
[Parent 14588, Gecko_IOThread] WARNING: pipe error: 109: file z:/build/build/src/ipc/chromium/src/chrome/common/ipc_channel_win.cc, line 346
Unable to read VR Path Registry from C:\Users\THINK\AppData\Local\openvr\openvrpaths.vrpath
[Child 11880, Chrome_ChildThread] WARNING: pipe error: 109: file z:/build/build/src/ipc/chromium/src/chrome/common/ipc_channel_win.cc, line 346
[Child 11880, Chrome_ChildThread] WARNING: pipe error: 109: file z:/build/build/src/ipc/chromium/src/chrome/common/ipc_channel_win.cc, line 346
Unable to read VR Path Registry from C:\Users\THINK\AppData\Local\openvr\openvrpaths.vrpath
[Child 14712, Chrome_ChildThread] WARNING: pipe error: 109: file z:/build/build/src/ipc/chromium/src/chrome/common/ipc_channel_win.cc, line 346
[Child 14712, Chrome_ChildThread] WARNING: pipe error: 109: file z:/build/build/src/ipc/chromium/src/chrome/common/ipc_channel_win.cc, line 346
Unable to read VR Path Registry from C:\Users\THINK\AppData\Local\openvr\openvrpaths.vrpath
[Child 12548, Chrome_ChildThread] WARNING: pipe error: 109: file z:/build/build/src/ipc/chromium/src/chrome/common/ipc_channel_win.cc, line 346
[Child 12548, Chrome_ChildThread] WARNING: pipe error: 109: file z:/build/build/src/ipc/chromium/src/chrome/common/ipc_channel_win.cc, line 346
*** UTM:SVC TimerManager:registerTimer called after profile-before-change notification. Ignoring timer registration for id: telemetry_modules_ping
Unable to read VR Path Registry from C:\Users\THINK\AppData\Local\openvr\openvrpaths.vrpath
[GPU 780, Chrome_ChildThread] WARNING: pipe error: 109: file z:/build/build/src/ipc/chromium/src/chrome/common/ipc_channel_win.cc, line 346

###!!! [Child][MessageChannel::SendAndWait] Error: Channel error: cannot send/recv

1536137960514	geckodriver	INFO	geckodriver 0.21.0
1536137960529	geckodriver	INFO	Listening on 127.0.0.1:49382
1536137963572	mozrunner::runner	INFO	Running command: "C:\\Program Files\\Mozilla Firefox\\firefox.exe" "-marionette" "-foreground" "-no-remote" "-profile" "C:\\Users\\THINK\\AppData\\Local\\Temp\\rust_mozprofile.ZwV8N6ZavyJN"
1536137966230	Marionette	INFO	Listening on port 49394
1536137966466	Marionette	WARN	TLS certificate errors will be ignored for this session
Unable to read VR Path Registry from C:\Users\THINK\AppData\Local\openvr\openvrpaths.vrpath
[Parent 8756, Gecko_IOThread] WARNING: pipe error: 109: file z:/build/build/src/ipc/chromium/src/chrome/common/ipc_channel_win.cc, line 346
Unable to read VR Path Registry from C:\Users\THINK\AppData\Local\openvr\openvrpaths.vrpath
[Child 13320, Chrome_ChildThread] WARNING: pipe error: 109: file z:/build/build/src/ipc/chromium/src/chrome/common/ipc_channel_win.cc, line 346
[Child 13320, Chrome_ChildThread] WARNING: pipe error: 109: file z:/build/build/src/ipc/chromium/src/chrome/common/ipc_channel_win.cc, line 346
Unable to read VR Path Registry from C:\Users\THINK\AppData\Local\openvr\openvrpaths.vrpath
[Child 14768, Chrome_ChildThread] WARNING: pipe error: 109: file z:/build/build/src/ipc/chromium/src/chrome/common/ipc_channel_win.cc, line 346
[Child 14768, Chrome_ChildThread] WARNING: pipe error: 109: file z:/build/build/src/ipc/chromium/src/chrome/common/ipc_channel_win.cc, line 346
[Parent 8756, Gecko_IOThread] WARNING: pipe error: 109: file z:/build/build/src/ipc/chromium/src/chrome/common/ipc_channel_win.cc, line 346
Unable to read VR Path Registry from C:\Users\THINK\AppData\Local\openvr\openvrpaths.vrpath
[Child 5020, Chrome_ChildThread] WARNING: pipe error: 109: file z:/build/build/src/ipc/chromium/src/chrome/common/ipc_channel_win.cc, line 346
*** UTM:SVC TimerManager:registerTimer called after profile-before-change notification. Ignoring timer registration for id: telemetry_modules_ping
Unable to read VR Path Registry from C:\Users\THINK\AppData\Local\openvr\openvrpaths.vrpath
[GPU 12384, Chrome_ChildThread] WARNING: pipe error: 109: file z:/build/build/src/ipc/chromium/src/chrome/common/ipc_channel_win.cc, line 346
[Parent 8756, Gecko_IOThread] WARNING: pipe error: 232: file z:/build/build/src/ipc/chromium/src/chrome/common/ipc_channel_win.cc, line 513
